[2019-04-18T16:59:54.293] [ERROR] application - ReferenceError: a is not defined
    at actionIndex (G:\node-project\koa-tmpl-test\controllers\IndexController.js:10:17)
    at dispatch (G:\node-project\koa-tmpl-test\node_modules\koa-compose\index.js:44:32)
    at next (G:\node-project\koa-tmpl-test\node_modules\koa-compose\index.js:45:18)
    at G:\node-project\koa-tmpl-test\node_modules\koa-router\lib\router.js:346:16
    at dispatch (G:\node-project\koa-tmpl-test\node_modules\koa-compose\index.js:44:32)
    at G:\node-project\koa-tmpl-test\node_modules\koa-compose\index.js:36:12
    at dispatch (G:\node-project\koa-tmpl-test\node_modules\koa-router\lib\router.js:351:31)
    at dispatch (G:\node-project\koa-tmpl-test\node_modules\koa\node_modules\koa-compose\index.js:42:32)
    at app.use (G:\node-project\koa-tmpl-test\middleware\errorHandler.js:19:13)
    at dispatch (G:\node-project\koa-tmpl-test\node_modules\koa\node_modules\koa-compose\index.js:42:32)
    at app.use (G:\node-project\koa-tmpl-test\middleware\errorHandler.js:6:15)
    at dispatch (G:\node-project\koa-tmpl-test\node_modules\koa\node_modules\koa-compose\index.js:42:32)
    at views (G:\node-project\koa-tmpl-test\node_modules\koa-views\src\index.js:60:12)
    at dispatch (G:\node-project\koa-tmpl-test\node_modules\koa\node_modules\koa-compose\index.js:42:32)
    at serve (G:\node-project\koa-tmpl-test\node_modules\koa-static\index.js:53:15)
[2019-04-18T17:04:46.033] [ERROR] application - ReferenceError: a is not defined
    at actionIndex (G:\node-project\koa-tmpl-test\controllers\IndexController.js:10:17)
    at dispatch (G:\node-project\koa-tmpl-test\node_modules\koa-compose\index.js:44:32)
    at next (G:\node-project\koa-tmpl-test\node_modules\koa-compose\index.js:45:18)
    at G:\node-project\koa-tmpl-test\node_modules\koa-router\lib\router.js:346:16
    at dispatch (G:\node-project\koa-tmpl-test\node_modules\koa-compose\index.js:44:32)
    at G:\node-project\koa-tmpl-test\node_modules\koa-compose\index.js:36:12
    at dispatch (G:\node-project\koa-tmpl-test\node_modules\koa-router\lib\router.js:351:31)
    at dispatch (G:\node-project\koa-tmpl-test\node_modules\koa\node_modules\koa-compose\index.js:42:32)
    at app.use (G:\node-project\koa-tmpl-test\middleware\errorHandler.js:15:13)
    at dispatch (G:\node-project\koa-tmpl-test\node_modules\koa\node_modules\koa-compose\index.js:42:32)
    at app.use (G:\node-project\koa-tmpl-test\middleware\errorHandler.js:6:15)
    at dispatch (G:\node-project\koa-tmpl-test\node_modules\koa\node_modules\koa-compose\index.js:42:32)
    at views (G:\node-project\koa-tmpl-test\node_modules\koa-views\src\index.js:60:12)
    at dispatch (G:\node-project\koa-tmpl-test\node_modules\koa\node_modules\koa-compose\index.js:42:32)
    at serve (G:\node-project\koa-tmpl-test\node_modules\koa-static\index.js:53:15)
[2019-04-18T17:04:58.909] [ERROR] application - ReferenceError: a is not defined
    at actionIndex (G:\node-project\koa-tmpl-test\controllers\IndexController.js:10:17)
    at dispatch (G:\node-project\koa-tmpl-test\node_modules\koa-compose\index.js:44:32)
    at next (G:\node-project\koa-tmpl-test\node_modules\koa-compose\index.js:45:18)
    at G:\node-project\koa-tmpl-test\node_modules\koa-router\lib\router.js:346:16
    at dispatch (G:\node-project\koa-tmpl-test\node_modules\koa-compose\index.js:44:32)
    at G:\node-project\koa-tmpl-test\node_modules\koa-compose\index.js:36:12
    at dispatch (G:\node-project\koa-tmpl-test\node_modules\koa-router\lib\router.js:351:31)
    at dispatch (G:\node-project\koa-tmpl-test\node_modules\koa\node_modules\koa-compose\index.js:42:32)
    at app.use (G:\node-project\koa-tmpl-test\middleware\errorHandler.js:15:13)
    at dispatch (G:\node-project\koa-tmpl-test\node_modules\koa\node_modules\koa-compose\index.js:42:32)
    at app.use (G:\node-project\koa-tmpl-test\middleware\errorHandler.js:6:15)
    at dispatch (G:\node-project\koa-tmpl-test\node_modules\koa\node_modules\koa-compose\index.js:42:32)
    at views (G:\node-project\koa-tmpl-test\node_modules\koa-views\src\index.js:60:12)
    at dispatch (G:\node-project\koa-tmpl-test\node_modules\koa\node_modules\koa-compose\index.js:42:32)
    at serve (G:\node-project\koa-tmpl-test\node_modules\koa-static\index.js:53:15)
[2019-04-18T17:05:12.722] [ERROR] application - ReferenceError: a is not defined
    at actionIndex (G:\node-project\koa-tmpl-test\controllers\IndexController.js:10:17)
    at dispatch (G:\node-project\koa-tmpl-test\node_modules\koa-compose\index.js:44:32)
    at next (G:\node-project\koa-tmpl-test\node_modules\koa-compose\index.js:45:18)
    at G:\node-project\koa-tmpl-test\node_modules\koa-router\lib\router.js:346:16
    at dispatch (G:\node-project\koa-tmpl-test\node_modules\koa-compose\index.js:44:32)
    at G:\node-project\koa-tmpl-test\node_modules\koa-compose\index.js:36:12
    at dispatch (G:\node-project\koa-tmpl-test\node_modules\koa-router\lib\router.js:351:31)
    at dispatch (G:\node-project\koa-tmpl-test\node_modules\koa\node_modules\koa-compose\index.js:42:32)
    at app.use (G:\node-project\koa-tmpl-test\middleware\errorHandler.js:15:13)
    at dispatch (G:\node-project\koa-tmpl-test\node_modules\koa\node_modules\koa-compose\index.js:42:32)
    at app.use (G:\node-project\koa-tmpl-test\middleware\errorHandler.js:6:15)
    at dispatch (G:\node-project\koa-tmpl-test\node_modules\koa\node_modules\koa-compose\index.js:42:32)
    at views (G:\node-project\koa-tmpl-test\node_modules\koa-views\src\index.js:60:12)
    at dispatch (G:\node-project\koa-tmpl-test\node_modules\koa\node_modules\koa-compose\index.js:42:32)
    at serve (G:\node-project\koa-tmpl-test\node_modules\koa-static\index.js:53:15)
[2019-04-18T17:05:47.483] [ERROR] application - ReferenceError: a is not defined
    at actionIndex (G:\node-project\koa-tmpl-test\controllers\IndexController.js:10:17)
    at dispatch (G:\node-project\koa-tmpl-test\node_modules\koa-compose\index.js:44:32)
    at next (G:\node-project\koa-tmpl-test\node_modules\koa-compose\index.js:45:18)
    at G:\node-project\koa-tmpl-test\node_modules\koa-router\lib\router.js:346:16
    at dispatch (G:\node-project\koa-tmpl-test\node_modules\koa-compose\index.js:44:32)
    at G:\node-project\koa-tmpl-test\node_modules\koa-compose\index.js:36:12
    at dispatch (G:\node-project\koa-tmpl-test\node_modules\koa-router\lib\router.js:351:31)
    at dispatch (G:\node-project\koa-tmpl-test\node_modules\koa\node_modules\koa-compose\index.js:42:32)
    at app.use (G:\node-project\koa-tmpl-test\middleware\errorHandler.js:16:13)
    at dispatch (G:\node-project\koa-tmpl-test\node_modules\koa\node_modules\koa-compose\index.js:42:32)
    at app.use (G:\node-project\koa-tmpl-test\middleware\errorHandler.js:6:15)
    at dispatch (G:\node-project\koa-tmpl-test\node_modules\koa\node_modules\koa-compose\index.js:42:32)
    at views (G:\node-project\koa-tmpl-test\node_modules\koa-views\src\index.js:60:12)
    at dispatch (G:\node-project\koa-tmpl-test\node_modules\koa\node_modules\koa-compose\index.js:42:32)
    at serve (G:\node-project\koa-tmpl-test\node_modules\koa-static\index.js:53:15)
[2019-04-18T17:06:24.811] [ERROR] application - ReferenceError: a is not defined
    at actionIndex (G:\node-project\koa-tmpl-test\controllers\IndexController.js:10:17)
    at dispatch (G:\node-project\koa-tmpl-test\node_modules\koa-compose\index.js:44:32)
    at next (G:\node-project\koa-tmpl-test\node_modules\koa-compose\index.js:45:18)
    at G:\node-project\koa-tmpl-test\node_modules\koa-router\lib\router.js:346:16
    at dispatch (G:\node-project\koa-tmpl-test\node_modules\koa-compose\index.js:44:32)
    at G:\node-project\koa-tmpl-test\node_modules\koa-compose\index.js:36:12
    at dispatch (G:\node-project\koa-tmpl-test\node_modules\koa-router\lib\router.js:351:31)
    at dispatch (G:\node-project\koa-tmpl-test\node_modules\koa\node_modules\koa-compose\index.js:42:32)
    at app.use (G:\node-project\koa-tmpl-test\middleware\errorHandler.js:16:13)
    at dispatch (G:\node-project\koa-tmpl-test\node_modules\koa\node_modules\koa-compose\index.js:42:32)
    at app.use (G:\node-project\koa-tmpl-test\middleware\errorHandler.js:6:15)
    at dispatch (G:\node-project\koa-tmpl-test\node_modules\koa\node_modules\koa-compose\index.js:42:32)
    at views (G:\node-project\koa-tmpl-test\node_modules\koa-views\src\index.js:60:12)
    at dispatch (G:\node-project\koa-tmpl-test\node_modules\koa\node_modules\koa-compose\index.js:42:32)
    at serve (G:\node-project\koa-tmpl-test\node_modules\koa-static\index.js:53:15)
[2019-04-18T17:08:18.970] [ERROR] application - ReferenceError: a is not defined
    at actionIndex (G:\node-project\koa-tmpl-test\controllers\IndexController.js:10:17)
    at dispatch (G:\node-project\koa-tmpl-test\node_modules\koa-compose\index.js:44:32)
    at next (G:\node-project\koa-tmpl-test\node_modules\koa-compose\index.js:45:18)
    at G:\node-project\koa-tmpl-test\node_modules\koa-router\lib\router.js:346:16
    at dispatch (G:\node-project\koa-tmpl-test\node_modules\koa-compose\index.js:44:32)
    at G:\node-project\koa-tmpl-test\node_modules\koa-compose\index.js:36:12
    at dispatch (G:\node-project\koa-tmpl-test\node_modules\koa-router\lib\router.js:351:31)
    at dispatch (G:\node-project\koa-tmpl-test\node_modules\koa\node_modules\koa-compose\index.js:42:32)
    at app.use (G:\node-project\koa-tmpl-test\middleware\errorHandler.js:16:13)
    at dispatch (G:\node-project\koa-tmpl-test\node_modules\koa\node_modules\koa-compose\index.js:42:32)
    at app.use (G:\node-project\koa-tmpl-test\middleware\errorHandler.js:6:15)
    at dispatch (G:\node-project\koa-tmpl-test\node_modules\koa\node_modules\koa-compose\index.js:42:32)
    at views (G:\node-project\koa-tmpl-test\node_modules\koa-views\src\index.js:60:12)
    at dispatch (G:\node-project\koa-tmpl-test\node_modules\koa\node_modules\koa-compose\index.js:42:32)
    at serve (G:\node-project\koa-tmpl-test\node_modules\koa-static\index.js:53:15)
[2019-04-18T17:08:20.469] [ERROR] application - ReferenceError: a is not defined
    at actionIndex (G:\node-project\koa-tmpl-test\controllers\IndexController.js:10:17)
    at dispatch (G:\node-project\koa-tmpl-test\node_modules\koa-compose\index.js:44:32)
    at next (G:\node-project\koa-tmpl-test\node_modules\koa-compose\index.js:45:18)
    at G:\node-project\koa-tmpl-test\node_modules\koa-router\lib\router.js:346:16
    at dispatch (G:\node-project\koa-tmpl-test\node_modules\koa-compose\index.js:44:32)
    at G:\node-project\koa-tmpl-test\node_modules\koa-compose\index.js:36:12
    at dispatch (G:\node-project\koa-tmpl-test\node_modules\koa-router\lib\router.js:351:31)
    at dispatch (G:\node-project\koa-tmpl-test\node_modules\koa\node_modules\koa-compose\index.js:42:32)
    at app.use (G:\node-project\koa-tmpl-test\middleware\errorHandler.js:16:13)
    at dispatch (G:\node-project\koa-tmpl-test\node_modules\koa\node_modules\koa-compose\index.js:42:32)
    at app.use (G:\node-project\koa-tmpl-test\middleware\errorHandler.js:6:15)
    at dispatch (G:\node-project\koa-tmpl-test\node_modules\koa\node_modules\koa-compose\index.js:42:32)
    at views (G:\node-project\koa-tmpl-test\node_modules\koa-views\src\index.js:60:12)
    at dispatch (G:\node-project\koa-tmpl-test\node_modules\koa\node_modules\koa-compose\index.js:42:32)
    at serve (G:\node-project\koa-tmpl-test\node_modules\koa-static\index.js:53:15)
[2019-04-18T17:08:36.911] [ERROR] application - ReferenceError: a is not defined
    at actionIndex (G:\node-project\koa-tmpl-test\controllers\IndexController.js:10:17)
    at dispatch (G:\node-project\koa-tmpl-test\node_modules\koa-compose\index.js:44:32)
    at next (G:\node-project\koa-tmpl-test\node_modules\koa-compose\index.js:45:18)
    at G:\node-project\koa-tmpl-test\node_modules\koa-router\lib\router.js:346:16
    at dispatch (G:\node-project\koa-tmpl-test\node_modules\koa-compose\index.js:44:32)
    at G:\node-project\koa-tmpl-test\node_modules\koa-compose\index.js:36:12
    at dispatch (G:\node-project\koa-tmpl-test\node_modules\koa-router\lib\router.js:351:31)
    at dispatch (G:\node-project\koa-tmpl-test\node_modules\koa\node_modules\koa-compose\index.js:42:32)
    at app.use (G:\node-project\koa-tmpl-test\middleware\errorHandler.js:16:13)
    at dispatch (G:\node-project\koa-tmpl-test\node_modules\koa\node_modules\koa-compose\index.js:42:32)
    at app.use (G:\node-project\koa-tmpl-test\middleware\errorHandler.js:6:15)
    at dispatch (G:\node-project\koa-tmpl-test\node_modules\koa\node_modules\koa-compose\index.js:42:32)
    at views (G:\node-project\koa-tmpl-test\node_modules\koa-views\src\index.js:60:12)
    at dispatch (G:\node-project\koa-tmpl-test\node_modules\koa\node_modules\koa-compose\index.js:42:32)
    at serve (G:\node-project\koa-tmpl-test\node_modules\koa-static\index.js:53:15)
[2019-04-18T17:08:51.194] [ERROR] application - ReferenceError: a is not defined
    at actionIndex (G:\node-project\koa-tmpl-test\controllers\IndexController.js:10:17)
    at dispatch (G:\node-project\koa-tmpl-test\node_modules\koa-compose\index.js:44:32)
    at next (G:\node-project\koa-tmpl-test\node_modules\koa-compose\index.js:45:18)
    at G:\node-project\koa-tmpl-test\node_modules\koa-router\lib\router.js:346:16
    at dispatch (G:\node-project\koa-tmpl-test\node_modules\koa-compose\index.js:44:32)
    at G:\node-project\koa-tmpl-test\node_modules\koa-compose\index.js:36:12
    at dispatch (G:\node-project\koa-tmpl-test\node_modules\koa-router\lib\router.js:351:31)
    at dispatch (G:\node-project\koa-tmpl-test\node_modules\koa\node_modules\koa-compose\index.js:42:32)
    at app.use (G:\node-project\koa-tmpl-test\middleware\errorHandler.js:16:13)
    at dispatch (G:\node-project\koa-tmpl-test\node_modules\koa\node_modules\koa-compose\index.js:42:32)
    at app.use (G:\node-project\koa-tmpl-test\middleware\errorHandler.js:6:15)
    at dispatch (G:\node-project\koa-tmpl-test\node_modules\koa\node_modules\koa-compose\index.js:42:32)
    at views (G:\node-project\koa-tmpl-test\node_modules\koa-views\src\index.js:60:12)
    at dispatch (G:\node-project\koa-tmpl-test\node_modules\koa\node_modules\koa-compose\index.js:42:32)
    at serve (G:\node-project\koa-tmpl-test\node_modules\koa-static\index.js:53:15)
[2019-04-18T17:08:51.932] [ERROR] application - ReferenceError: a is not defined
    at actionIndex (G:\node-project\koa-tmpl-test\controllers\IndexController.js:10:17)
    at dispatch (G:\node-project\koa-tmpl-test\node_modules\koa-compose\index.js:44:32)
    at next (G:\node-project\koa-tmpl-test\node_modules\koa-compose\index.js:45:18)
    at G:\node-project\koa-tmpl-test\node_modules\koa-router\lib\router.js:346:16
    at dispatch (G:\node-project\koa-tmpl-test\node_modules\koa-compose\index.js:44:32)
    at G:\node-project\koa-tmpl-test\node_modules\koa-compose\index.js:36:12
    at dispatch (G:\node-project\koa-tmpl-test\node_modules\koa-router\lib\router.js:351:31)
    at dispatch (G:\node-project\koa-tmpl-test\node_modules\koa\node_modules\koa-compose\index.js:42:32)
    at app.use (G:\node-project\koa-tmpl-test\middleware\errorHandler.js:16:13)
    at dispatch (G:\node-project\koa-tmpl-test\node_modules\koa\node_modules\koa-compose\index.js:42:32)
    at app.use (G:\node-project\koa-tmpl-test\middleware\errorHandler.js:6:15)
    at dispatch (G:\node-project\koa-tmpl-test\node_modules\koa\node_modules\koa-compose\index.js:42:32)
    at views (G:\node-project\koa-tmpl-test\node_modules\koa-views\src\index.js:60:12)
    at dispatch (G:\node-project\koa-tmpl-test\node_modules\koa\node_modules\koa-compose\index.js:42:32)
    at serve (G:\node-project\koa-tmpl-test\node_modules\koa-static\index.js:53:15)
[2019-04-18T17:08:52.234] [ERROR] application - ReferenceError: a is not defined
    at actionIndex (G:\node-project\koa-tmpl-test\controllers\IndexController.js:10:17)
    at dispatch (G:\node-project\koa-tmpl-test\node_modules\koa-compose\index.js:44:32)
    at next (G:\node-project\koa-tmpl-test\node_modules\koa-compose\index.js:45:18)
    at G:\node-project\koa-tmpl-test\node_modules\koa-router\lib\router.js:346:16
    at dispatch (G:\node-project\koa-tmpl-test\node_modules\koa-compose\index.js:44:32)
    at G:\node-project\koa-tmpl-test\node_modules\koa-compose\index.js:36:12
    at dispatch (G:\node-project\koa-tmpl-test\node_modules\koa-router\lib\router.js:351:31)
    at dispatch (G:\node-project\koa-tmpl-test\node_modules\koa\node_modules\koa-compose\index.js:42:32)
    at app.use (G:\node-project\koa-tmpl-test\middleware\errorHandler.js:16:13)
    at dispatch (G:\node-project\koa-tmpl-test\node_modules\koa\node_modules\koa-compose\index.js:42:32)
    at app.use (G:\node-project\koa-tmpl-test\middleware\errorHandler.js:6:15)
    at dispatch (G:\node-project\koa-tmpl-test\node_modules\koa\node_modules\koa-compose\index.js:42:32)
    at views (G:\node-project\koa-tmpl-test\node_modules\koa-views\src\index.js:60:12)
    at dispatch (G:\node-project\koa-tmpl-test\node_modules\koa\node_modules\koa-compose\index.js:42:32)
    at serve (G:\node-project\koa-tmpl-test\node_modules\koa-static\index.js:53:15)
